TN:
SF:src/modules/company/services/CreateCompanyService.ts
FN:51,Object.<anonymous>
FN:51,Object.<anonymous>.__awaiter
FN:51,adopt
FN:51,fulfilled
FN:51,rejected
FN:51,step
FN:51,Object.<anonymous>.__generator
FN:51,sent
FN:51,g.<computed>
FN:51,verb
FN:51,step
FN:51,Object.<anonymous>.__importDefault
FN:12,CreateCompanyService
FN:20,Object.<anonymous>.CreateCompanyService.execute
FNF:14
FNH:12
FNDA:1,Object.<anonymous>
FNDA:4,Object.<anonymous>.__awaiter
FNDA:11,adopt
FNDA:11,fulfilled
FNDA:0,rejected
FNDA:13,step
FNDA:4,Object.<anonymous>.__generator
FNDA:11,sent
FNDA:0,g.<computed>
FNDA:12,verb
FNDA:15,step
FNDA:1,Object.<anonymous>.__importDefault
FNDA:4,CreateCompanyService
FNDA:4,Object.<anonymous>.CreateCompanyService.execute
DA:1,1
DA:2,1
DA:3,1
DA:4,1
DA:5,1
DA:6,1
DA:7,1
DA:8,1
DA:9,1
DA:10,1
DA:11,1
DA:12,1
DA:13,4
DA:14,4
DA:15,4
DA:16,4
DA:17,4
DA:18,4
DA:19,1
DA:20,1
DA:21,4
DA:22,4
DA:23,4
DA:24,4
DA:25,4
DA:26,4
DA:27,1
DA:28,1
DA:29,1
DA:30,1
DA:31,3
DA:32,4
DA:33,1
DA:34,1
DA:35,1
DA:36,1
DA:37,2
DA:38,2
DA:39,4
DA:40,4
DA:41,4
DA:42,4
DA:43,4
DA:44,4
DA:45,4
DA:46,4
DA:47,4
DA:48,4
DA:49,1
DA:50,1
DA:51,1
LF:51
LH:51
BRDA:51,0,0,1
BRDA:51,1,0,1
BRDA:51,2,0,4
BRDA:51,3,0,11
BRDA:51,4,0,0
BRDA:51,5,0,4
BRDA:51,6,0,11
BRDA:51,7,0,9
BRDA:51,8,0,2
BRDA:51,9,0,13
BRDA:51,10,0,2
BRDA:51,11,0,11
BRDA:51,12,0,4
BRDA:51,13,0,11
BRDA:51,14,0,0
BRDA:51,15,0,12
BRDA:51,16,0,15
BRDA:51,17,0,15
BRDA:51,18,0,0
BRDA:51,19,0,30
BRDA:51,20,0,0
BRDA:51,21,0,0
BRDA:51,22,0,0
BRDA:51,23,0,0
BRDA:51,24,0,15
BRDA:51,25,0,15
BRDA:51,26,0,11
BRDA:51,27,0,0
BRDA:51,28,0,0
BRDA:51,29,0,4
BRDA:51,30,0,0
BRDA:51,31,0,2
BRDA:51,32,0,0
BRDA:51,33,0,0
BRDA:51,34,0,0
BRDA:51,35,0,0
BRDA:51,36,0,15
BRDA:51,37,0,13
BRDA:51,38,0,2
BRDA:51,39,0,15
BRDA:51,40,0,4
BRDA:51,41,0,2
BRDA:51,42,0,0
BRDA:51,43,0,1
BRDA:51,44,0,0
BRDA:7,45,0,1
BRDA:12,46,0,4
BRDA:20,47,0,4
BRDA:51,48,0,4
BRDA:51,49,0,15
BRDA:26,50,0,4
BRDA:51,51,0,4
BRDA:26,52,0,1
BRDA:30,53,0,3
BRDA:51,54,0,3
BRDA:32,55,0,1
BRDA:36,56,0,2
BRDA:51,57,0,2
BRDA:51,58,0,2
BRF:59
BRH:43
end_of_record
TN:
SF:src/modules/company/services/CreateSessionService.ts
FN:62,Object.<anonymous>
FN:62,Object.<anonymous>.__awaiter
FN:62,adopt
FN:62,fulfilled
FN:62,rejected
FN:62,step
FN:62,Object.<anonymous>.__generator
FN:62,sent
FN:62,g.<computed>
FN:62,verb
FN:62,step
FN:62,Object.<anonymous>.__importDefault
FN:24,CreateSessionService
FN:34,Object.<anonymous>.CreateSessionService.execute
FNF:14
FNH:12
FNDA:1,Object.<anonymous>
FNDA:3,Object.<anonymous>.__awaiter
FNDA:6,adopt
FNDA:6,fulfilled
FNDA:0,rejected
FNDA:7,step
FNDA:3,Object.<anonymous>.__generator
FNDA:6,sent
FNDA:0,g.<computed>
FNDA:9,verb
FNDA:9,step
FNDA:1,Object.<anonymous>.__importDefault
FNDA:2,CreateSessionService
FNDA:3,Object.<anonymous>.CreateSessionService.execute
DA:1,1
DA:2,1
DA:3,1
DA:4,1
DA:5,1
DA:6,1
DA:7,1
DA:8,1
DA:9,1
DA:10,1
DA:11,1
DA:12,1
DA:13,1
DA:14,1
DA:15,1
DA:16,1
DA:17,1
DA:18,1
DA:19,1
DA:20,1
DA:21,1
DA:22,1
DA:23,1
DA:24,1
DA:25,2
DA:26,2
DA:27,2
DA:28,2
DA:29,2
DA:30,2
DA:31,2
DA:32,2
DA:33,1
DA:34,1
DA:35,3
DA:36,3
DA:37,3
DA:38,3
DA:39,3
DA:40,3
DA:41,1
DA:42,1
DA:43,2
DA:44,2
DA:45,2
DA:46,2
DA:47,2
DA:48,3
DA:49,3
DA:50,1
DA:51,1
DA:52,1
DA:53,1
DA:54,3
DA:55,3
DA:56,3
DA:57,3
DA:58,3
DA:59,3
DA:60,1
DA:61,1
DA:62,1
LF:62
LH:62
BRDA:62,0,0,1
BRDA:62,1,0,1
BRDA:62,2,0,3
BRDA:62,3,0,6
BRDA:62,4,0,0
BRDA:62,5,0,3
BRDA:62,6,0,6
BRDA:62,7,0,4
BRDA:62,8,0,2
BRDA:62,9,0,7
BRDA:62,10,0,1
BRDA:62,11,0,6
BRDA:62,12,0,3
BRDA:62,13,0,6
BRDA:62,14,0,0
BRDA:62,15,0,9
BRDA:62,16,0,9
BRDA:62,17,0,9
BRDA:62,18,0,0
BRDA:62,19,0,18
BRDA:62,20,0,0
BRDA:62,21,0,0
BRDA:62,22,0,0
BRDA:62,23,0,0
BRDA:62,24,0,9
BRDA:62,25,0,9
BRDA:62,26,0,6
BRDA:62,27,0,0
BRDA:62,28,0,0
BRDA:62,29,0,3
BRDA:62,30,0,0
BRDA:62,31,0,1
BRDA:62,32,0,0
BRDA:62,33,0,0
BRDA:62,34,0,0
BRDA:62,35,0,0
BRDA:62,36,0,9
BRDA:62,37,0,7
BRDA:62,38,0,2
BRDA:62,39,0,9
BRDA:62,40,0,3
BRDA:62,41,0,2
BRDA:62,42,0,1
BRDA:62,43,0,0
BRDA:62,44,0,1
BRDA:62,45,0,0
BRDA:17,46,0,1
BRDA:24,47,0,2
BRDA:34,48,0,3
BRDA:62,49,0,3
BRDA:62,50,0,9
BRDA:38,51,0,3
BRDA:62,52,0,3
BRDA:40,53,0,1
BRDA:42,54,0,2
BRDA:62,55,0,2
BRDA:49,56,0,1
BRDA:62,57,0,1
BRF:58
BRH:42
end_of_record
