TN:
SF:src/modules/cards/services/CreateCardService.ts
FN:65,Object.<anonymous>
FN:65,Object.<anonymous>.__decorate
FN:65,Object.<anonymous>.__metadata
FN:65,Object.<anonymous>.__param
FN:65,Object.<anonymous>.__awaiter
FN:65,adopt
FN:65,fulfilled
FN:65,rejected
FN:65,step
FN:65,Object.<anonymous>.__generator
FN:65,sent
FN:65,g.<computed>
FN:65,verb
FN:65,step
FN:65,Object.<anonymous>.__importDefault
FN:20,CreateCardService
FN:30,Object.<anonymous>.CreateCardService.execute
FNF:17
FNH:15
FNDA:1,Object.<anonymous>
FNDA:1,Object.<anonymous>.__decorate
FNDA:1,Object.<anonymous>.__metadata
FNDA:2,Object.<anonymous>.__param
FNDA:6,Object.<anonymous>.__awaiter
FNDA:9,adopt
FNDA:9,fulfilled
FNDA:0,rejected
FNDA:11,step
FNDA:6,Object.<anonymous>.__generator
FNDA:9,sent
FNDA:0,g.<computed>
FNDA:18,verb
FNDA:15,step
FNDA:1,Object.<anonymous>.__importDefault
FNDA:4,CreateCardService
FNDA:6,Object.<anonymous>.CreateCardService.execute
DA:1,1
DA:2,1
DA:3,1
DA:4,1
DA:5,1
DA:6,1
DA:7,1
DA:8,1
DA:9,1
DA:10,1
DA:11,1
DA:12,1
DA:13,1
DA:14,1
DA:15,1
DA:16,1
DA:17,1
DA:18,1
DA:19,1
DA:20,1
DA:21,4
DA:22,4
DA:23,4
DA:24,4
DA:25,4
DA:26,4
DA:27,4
DA:28,4
DA:29,1
DA:30,1
DA:31,6
DA:32,6
DA:33,6
DA:34,6
DA:35,6
DA:36,6
DA:37,6
DA:38,2
DA:39,2
DA:40,4
DA:41,4
DA:42,6
DA:43,1
DA:44,1
DA:45,3
DA:46,3
DA:47,3
DA:48,3
DA:49,3
DA:50,6
DA:51,6
DA:52,1
DA:53,1
DA:54,2
DA:55,2
DA:56,2
DA:57,2
DA:58,2
DA:59,2
DA:60,2
DA:61,6
DA:62,6
DA:63,1
DA:64,1
DA:65,1
LF:65
LH:65
BRDA:65,0,0,1
BRDA:65,1,0,1
BRDA:65,2,0,1
BRDA:65,3,0,0
BRDA:65,4,0,0
BRDA:65,5,0,0
BRDA:65,6,0,0
BRDA:65,7,0,1
BRDA:65,8,0,2
BRDA:65,9,0,2
BRDA:65,10,0,6
BRDA:65,11,0,9
BRDA:65,12,0,0
BRDA:65,13,0,6
BRDA:65,14,0,9
BRDA:65,15,0,7
BRDA:65,16,0,2
BRDA:65,17,0,11
BRDA:65,18,0,2
BRDA:65,19,0,9
BRDA:65,20,0,6
BRDA:65,21,0,9
BRDA:65,22,0,0
BRDA:65,23,0,18
BRDA:65,24,0,15
BRDA:65,25,0,15
BRDA:65,26,0,0
BRDA:65,27,0,30
BRDA:65,28,0,0
BRDA:65,29,0,0
BRDA:65,30,0,0
BRDA:65,31,0,0
BRDA:65,32,0,15
BRDA:65,33,0,15
BRDA:65,34,0,9
BRDA:65,35,0,0
BRDA:65,36,0,0
BRDA:65,37,0,6
BRDA:65,38,0,0
BRDA:65,39,0,2
BRDA:65,40,0,0
BRDA:65,41,0,0
BRDA:65,42,0,0
BRDA:65,43,0,0
BRDA:65,44,0,15
BRDA:65,45,0,11
BRDA:65,46,0,4
BRDA:65,47,0,15
BRDA:65,48,0,6
BRDA:65,49,0,4
BRDA:65,50,0,2
BRDA:65,51,0,0
BRDA:65,52,0,1
BRDA:65,53,0,0
BRDA:15,54,0,1
BRDA:20,55,0,4
BRDA:30,56,0,6
BRDA:65,57,0,6
BRDA:65,58,0,15
BRDA:65,59,0,6
BRDA:37,60,0,4
BRDA:37,61,0,2
BRDA:39,62,0,4
BRDA:65,63,0,4
BRDA:42,64,0,1
BRDA:44,65,0,3
BRDA:65,66,0,3
BRDA:51,67,0,1
BRDA:53,68,0,2
BRDA:65,69,0,2
BRF:70
BRH:50
end_of_record
TN:
SF:src/modules/cards/services/ListAllCardsOfCompanyService.ts
FN:35,Object.<anonymous>
FN:35,Object.<anonymous>.__decorate
FN:35,Object.<anonymous>.__metadata
FN:35,Object.<anonymous>.__param
FN:35,Object.<anonymous>.__awaiter
FN:35,adopt
FN:35,fulfilled
FN:35,rejected
FN:35,step
FN:35,Object.<anonymous>.__generator
FN:35,sent
FN:35,g.<computed>
FN:35,verb
FN:35,step
FN:35,Object.<anonymous>.__importDefault
FN:13,ListAllCardsOfCompany
FN:23,Object.<anonymous>.ListAllCardsOfCompany.execute
FNF:17
FNH:15
FNDA:1,Object.<anonymous>
FNDA:1,Object.<anonymous>.__decorate
FNDA:1,Object.<anonymous>.__metadata
FNDA:2,Object.<anonymous>.__param
FNDA:2,Object.<anonymous>.__awaiter
FNDA:3,adopt
FNDA:3,fulfilled
FNDA:0,rejected
FNDA:4,step
FNDA:2,Object.<anonymous>.__generator
FNDA:3,sent
FNDA:0,g.<computed>
FNDA:6,verb
FNDA:5,step
FNDA:1,Object.<anonymous>.__importDefault
FNDA:2,ListAllCardsOfCompany
FNDA:2,Object.<anonymous>.ListAllCardsOfCompany.execute
DA:1,1
DA:2,1
DA:3,1
DA:4,1
DA:5,1
DA:6,1
DA:7,1
DA:8,1
DA:9,1
DA:10,1
DA:11,1
DA:12,1
DA:13,1
DA:14,2
DA:15,2
DA:16,2
DA:17,2
DA:18,2
DA:19,2
DA:20,2
DA:21,2
DA:22,1
DA:23,1
DA:24,2
DA:25,2
DA:26,2
DA:27,1
DA:28,1
DA:29,1
DA:30,1
DA:31,2
DA:32,2
DA:33,1
DA:34,1
DA:35,1
LF:35
LH:35
BRDA:35,0,0,1
BRDA:35,1,0,1
BRDA:35,2,0,1
BRDA:35,3,0,0
BRDA:35,4,0,0
BRDA:35,5,0,0
BRDA:35,6,0,0
BRDA:35,7,0,1
BRDA:35,8,0,2
BRDA:35,9,0,2
BRDA:35,10,0,2
BRDA:35,11,0,3
BRDA:35,12,0,0
BRDA:35,13,0,2
BRDA:35,14,0,3
BRDA:35,15,0,2
BRDA:35,16,0,1
BRDA:35,17,0,4
BRDA:35,18,0,1
BRDA:35,19,0,3
BRDA:35,20,0,2
BRDA:35,21,0,3
BRDA:35,22,0,0
BRDA:35,23,0,6
BRDA:35,24,0,5
BRDA:35,25,0,5
BRDA:35,26,0,0
BRDA:35,27,0,10
BRDA:35,28,0,0
BRDA:35,29,0,0
BRDA:35,30,0,0
BRDA:35,31,0,0
BRDA:35,32,0,5
BRDA:35,33,0,5
BRDA:35,34,0,3
BRDA:35,35,0,0
BRDA:35,36,0,0
BRDA:35,37,0,2
BRDA:35,38,0,0
BRDA:35,39,0,1
BRDA:35,40,0,0
BRDA:35,41,0,0
BRDA:35,42,0,0
BRDA:35,43,0,0
BRDA:35,44,0,5
BRDA:35,45,0,4
BRDA:35,46,0,1
BRDA:35,47,0,5
BRDA:35,48,0,2
BRDA:35,49,0,1
BRDA:35,50,0,0
BRDA:35,51,0,1
BRDA:35,52,0,0
BRDA:8,53,0,1
BRDA:13,54,0,2
BRDA:23,55,0,2
BRDA:35,56,0,2
BRDA:35,57,0,5
BRDA:24,58,0,2
BRDA:35,59,0,2
BRDA:26,60,0,1
BRDA:35,61,0,1
BRF:62
BRH:42
end_of_record
TN:
SF:src/modules/company/services/CreateBankAccountService.ts
FN:53,Object.<anonymous>
FN:53,Object.<anonymous>.__decorate
FN:53,Object.<anonymous>.__metadata
FN:53,Object.<anonymous>.__param
FN:53,Object.<anonymous>.__awaiter
FN:53,adopt
FN:53,fulfilled
FN:53,rejected
FN:53,step
FN:53,Object.<anonymous>.__generator
FN:53,sent
FN:53,g.<computed>
FN:53,verb
FN:53,step
FN:53,Object.<anonymous>.__importDefault
FN:18,CreateBankAccauntService
FN:28,Object.<anonymous>.CreateBankAccauntService.execute
FNF:17
FNH:15
FNDA:1,Object.<anonymous>
FNDA:1,Object.<anonymous>.__decorate
FNDA:1,Object.<anonymous>.__metadata
FNDA:2,Object.<anonymous>.__param
FNDA:2,Object.<anonymous>.__awaiter
FNDA:4,adopt
FNDA:4,fulfilled
FNDA:0,rejected
FNDA:5,step
FNDA:2,Object.<anonymous>.__generator
FNDA:4,sent
FNDA:0,g.<computed>
FNDA:6,verb
FNDA:6,step
FNDA:3,Object.<anonymous>.__importDefault
FNDA:2,CreateBankAccauntService
FNDA:2,Object.<anonymous>.CreateBankAccauntService.execute
DA:1,1
DA:2,1
DA:3,1
DA:4,1
DA:5,1
DA:6,1
DA:7,1
DA:8,1
DA:9,1
DA:10,1
DA:11,1
DA:12,1
DA:13,1
DA:14,1
DA:15,1
DA:16,1
DA:17,1
DA:18,1
DA:19,2
DA:20,2
DA:21,2
DA:22,2
DA:23,2
DA:24,2
DA:25,2
DA:26,2
DA:27,1
DA:28,1
DA:29,2
DA:30,2
DA:31,1
DA:32,1
DA:33,1
DA:34,2
DA:35,2
DA:36,2
DA:37,2
DA:38,2
DA:39,2
DA:40,2
DA:41,2
DA:42,2
DA:43,2
DA:44,2
DA:45,2
DA:46,2
DA:47,2
DA:48,2
DA:49,2
DA:50,2
DA:51,1
DA:52,1
DA:53,1
LF:53
LH:53
BRDA:53,0,0,1
BRDA:53,1,0,1
BRDA:53,2,0,1
BRDA:53,3,0,0
BRDA:53,4,0,0
BRDA:53,5,0,0
BRDA:53,6,0,0
BRDA:53,7,0,1
BRDA:53,8,0,2
BRDA:53,9,0,2
BRDA:53,10,0,2
BRDA:53,11,0,4
BRDA:53,12,0,0
BRDA:53,13,0,2
BRDA:53,14,0,4
BRDA:53,15,0,3
BRDA:53,16,0,1
BRDA:53,17,0,5
BRDA:53,18,0,1
BRDA:53,19,0,4
BRDA:53,20,0,2
BRDA:53,21,0,4
BRDA:53,22,0,0
BRDA:53,23,0,6
BRDA:53,24,0,6
BRDA:53,25,0,6
BRDA:53,26,0,0
BRDA:53,27,0,12
BRDA:53,28,0,0
BRDA:53,29,0,0
BRDA:53,30,0,0
BRDA:53,31,0,0
BRDA:53,32,0,6
BRDA:53,33,0,6
BRDA:53,34,0,4
BRDA:53,35,0,0
BRDA:53,36,0,0
BRDA:53,37,0,2
BRDA:53,38,0,0
BRDA:53,39,0,1
BRDA:53,40,0,0
BRDA:53,41,0,0
BRDA:53,42,0,0
BRDA:53,43,0,0
BRDA:53,44,0,6
BRDA:53,45,0,5
BRDA:53,46,0,1
BRDA:53,47,0,6
BRDA:53,48,0,2
BRDA:53,49,0,1
BRDA:53,50,0,0
BRDA:53,51,0,3
BRDA:53,52,0,0
BRDA:13,53,0,1
BRDA:18,54,0,2
BRDA:28,55,0,2
BRDA:53,56,0,2
BRDA:53,57,0,6
BRDA:29,58,0,2
BRDA:53,59,0,2
BRDA:30,60,0,1
BRDA:53,61,0,1
BRDA:53,62,0,1
BRF:63
BRH:43
end_of_record
TN:
SF:src/modules/company/services/CreateCompanyService.ts
FN:55,Object.<anonymous>
FN:55,Object.<anonymous>.__decorate
FN:55,Object.<anonymous>.__metadata
FN:55,Object.<anonymous>.__param
FN:55,Object.<anonymous>.__awaiter
FN:55,adopt
FN:55,fulfilled
FN:55,rejected
FN:55,step
FN:55,Object.<anonymous>.__generator
FN:55,sent
FN:55,g.<computed>
FN:55,verb
FN:55,step
FN:55,Object.<anonymous>.__importDefault
FN:14,CreateCompanyService
FN:24,Object.<anonymous>.CreateCompanyService.execute
FNF:17
FNH:15
FNDA:1,Object.<anonymous>
FNDA:1,Object.<anonymous>.__decorate
FNDA:1,Object.<anonymous>.__metadata
FNDA:2,Object.<anonymous>.__param
FNDA:4,Object.<anonymous>.__awaiter
FNDA:11,adopt
FNDA:11,fulfilled
FNDA:0,rejected
FNDA:13,step
FNDA:4,Object.<anonymous>.__generator
FNDA:11,sent
FNDA:0,g.<computed>
FNDA:12,verb
FNDA:15,step
FNDA:1,Object.<anonymous>.__importDefault
FNDA:4,CreateCompanyService
FNDA:4,Object.<anonymous>.CreateCompanyService.execute
DA:1,1
DA:2,1
DA:3,1
DA:4,1
DA:5,1
DA:6,1
DA:7,1
DA:8,1
DA:9,1
DA:10,1
DA:11,1
DA:12,1
DA:13,1
DA:14,1
DA:15,4
DA:16,4
DA:17,4
DA:18,4
DA:19,4
DA:20,4
DA:21,4
DA:22,4
DA:23,1
DA:24,1
DA:25,4
DA:26,4
DA:27,4
DA:28,4
DA:29,4
DA:30,4
DA:31,1
DA:32,1
DA:33,1
DA:34,1
DA:35,3
DA:36,4
DA:37,1
DA:38,1
DA:39,1
DA:40,1
DA:41,2
DA:42,2
DA:43,4
DA:44,4
DA:45,4
DA:46,4
DA:47,4
DA:48,4
DA:49,4
DA:50,4
DA:51,4
DA:52,4
DA:53,1
DA:54,1
DA:55,1
LF:55
LH:55
BRDA:55,0,0,1
BRDA:55,1,0,1
BRDA:55,2,0,1
BRDA:55,3,0,0
BRDA:55,4,0,0
BRDA:55,5,0,0
BRDA:55,6,0,0
BRDA:55,7,0,1
BRDA:55,8,0,2
BRDA:55,9,0,2
BRDA:55,10,0,4
BRDA:55,11,0,11
BRDA:55,12,0,0
BRDA:55,13,0,4
BRDA:55,14,0,11
BRDA:55,15,0,9
BRDA:55,16,0,2
BRDA:55,17,0,13
BRDA:55,18,0,2
BRDA:55,19,0,11
BRDA:55,20,0,4
BRDA:55,21,0,11
BRDA:55,22,0,0
BRDA:55,23,0,12
BRDA:55,24,0,15
BRDA:55,25,0,15
BRDA:55,26,0,0
BRDA:55,27,0,30
BRDA:55,28,0,0
BRDA:55,29,0,0
BRDA:55,30,0,0
BRDA:55,31,0,0
BRDA:55,32,0,15
BRDA:55,33,0,15
BRDA:55,34,0,11
BRDA:55,35,0,0
BRDA:55,36,0,0
BRDA:55,37,0,4
BRDA:55,38,0,0
BRDA:55,39,0,2
BRDA:55,40,0,0
BRDA:55,41,0,0
BRDA:55,42,0,0
BRDA:55,43,0,0
BRDA:55,44,0,15
BRDA:55,45,0,13
BRDA:55,46,0,2
BRDA:55,47,0,15
BRDA:55,48,0,4
BRDA:55,49,0,2
BRDA:55,50,0,0
BRDA:55,51,0,1
BRDA:55,52,0,0
BRDA:9,53,0,1
BRDA:14,54,0,4
BRDA:24,55,0,4
BRDA:55,56,0,4
BRDA:55,57,0,15
BRDA:30,58,0,4
BRDA:55,59,0,4
BRDA:30,60,0,1
BRDA:34,61,0,3
BRDA:55,62,0,3
BRDA:36,63,0,1
BRDA:40,64,0,2
BRDA:55,65,0,2
BRDA:55,66,0,2
BRF:67
BRH:47
end_of_record
TN:
SF:src/modules/company/services/CreateSessionService.ts
FN:64,Object.<anonymous>
FN:64,Object.<anonymous>.__decorate
FN:64,Object.<anonymous>.__metadata
FN:64,Object.<anonymous>.__param
FN:64,Object.<anonymous>.__awaiter
FN:64,adopt
FN:64,fulfilled
FN:64,rejected
FN:64,step
FN:64,Object.<anonymous>.__generator
FN:64,sent
FN:64,g.<computed>
FN:64,verb
FN:64,step
FN:64,Object.<anonymous>.__importDefault
FN:26,CreateSessionService
FN:39,Object.<anonymous>.CreateSessionService.execute
FNF:17
FNH:15
FNDA:1,Object.<anonymous>
FNDA:1,Object.<anonymous>.__decorate
FNDA:1,Object.<anonymous>.__metadata
FNDA:3,Object.<anonymous>.__param
FNDA:3,Object.<anonymous>.__awaiter
FNDA:6,adopt
FNDA:6,fulfilled
FNDA:0,rejected
FNDA:7,step
FNDA:3,Object.<anonymous>.__generator
FNDA:6,sent
FNDA:0,g.<computed>
FNDA:9,verb
FNDA:9,step
FNDA:1,Object.<anonymous>.__importDefault
FNDA:2,CreateSessionService
FNDA:3,Object.<anonymous>.CreateSessionService.execute
DA:1,1
DA:2,1
DA:3,1
DA:4,1
DA:5,1
DA:6,1
DA:7,1
DA:8,1
DA:9,1
DA:10,1
DA:11,1
DA:12,1
DA:13,1
DA:14,1
DA:15,1
DA:16,1
DA:17,1
DA:18,1
DA:19,1
DA:20,1
DA:21,1
DA:22,1
DA:23,1
DA:24,1
DA:25,1
DA:26,1
DA:27,2
DA:28,2
DA:29,2
DA:30,2
DA:31,2
DA:32,2
DA:33,2
DA:34,2
DA:35,2
DA:36,2
DA:37,2
DA:38,1
DA:39,1
DA:40,3
DA:41,3
DA:42,3
DA:43,1
DA:44,1
DA:45,2
DA:46,2
DA:47,2
DA:48,2
DA:49,2
DA:50,3
DA:51,3
DA:52,1
DA:53,1
DA:54,1
DA:55,1
DA:56,3
DA:57,3
DA:58,3
DA:59,3
DA:60,3
DA:61,3
DA:62,1
DA:63,1
DA:64,1
LF:64
LH:64
BRDA:64,0,0,1
BRDA:64,1,0,1
BRDA:64,2,0,1
BRDA:64,3,0,0
BRDA:64,4,0,0
BRDA:64,5,0,0
BRDA:64,6,0,0
BRDA:64,7,0,1
BRDA:64,8,0,3
BRDA:64,9,0,3
BRDA:64,10,0,3
BRDA:64,11,0,6
BRDA:64,12,0,0
BRDA:64,13,0,3
BRDA:64,14,0,6
BRDA:64,15,0,4
BRDA:64,16,0,2
BRDA:64,17,0,7
BRDA:64,18,0,1
BRDA:64,19,0,6
BRDA:64,20,0,3
BRDA:64,21,0,6
BRDA:64,22,0,0
BRDA:64,23,0,9
BRDA:64,24,0,9
BRDA:64,25,0,9
BRDA:64,26,0,0
BRDA:64,27,0,18
BRDA:64,28,0,0
BRDA:64,29,0,0
BRDA:64,30,0,0
BRDA:64,31,0,0
BRDA:64,32,0,9
BRDA:64,33,0,9
BRDA:64,34,0,6
BRDA:64,35,0,0
BRDA:64,36,0,0
BRDA:64,37,0,3
BRDA:64,38,0,0
BRDA:64,39,0,1
BRDA:64,40,0,0
BRDA:64,41,0,0
BRDA:64,42,0,0
BRDA:64,43,0,0
BRDA:64,44,0,9
BRDA:64,45,0,7
BRDA:64,46,0,2
BRDA:64,47,0,9
BRDA:64,48,0,3
BRDA:64,49,0,2
BRDA:64,50,0,1
BRDA:64,51,0,0
BRDA:64,52,0,1
BRDA:64,53,0,0
BRDA:19,54,0,1
BRDA:26,55,0,2
BRDA:39,56,0,3
BRDA:64,57,0,3
BRDA:64,58,0,9
BRDA:40,59,0,3
BRDA:64,60,0,3
BRDA:42,61,0,1
BRDA:44,62,0,2
BRDA:64,63,0,2
BRDA:51,64,0,1
BRDA:64,65,0,1
BRF:66
BRH:46
end_of_record
TN:
SF:src/modules/company/services/GetBalanceOfCompanyService.ts
FN:39,Object.<anonymous>
FN:39,Object.<anonymous>.__decorate
FN:39,Object.<anonymous>.__metadata
FN:39,Object.<anonymous>.__param
FN:39,Object.<anonymous>.__awaiter
FN:39,adopt
FN:39,fulfilled
FN:39,rejected
FN:39,step
FN:39,Object.<anonymous>.__generator
FN:39,sent
FN:39,g.<computed>
FN:39,verb
FN:39,step
FN:39,Object.<anonymous>.__importDefault
FN:18,GetBalanceOfCompanyService
FN:29,Object.<anonymous>.GetBalanceOfCompanyService.execute
FNF:17
FNH:15
FNDA:1,Object.<anonymous>
FNDA:1,Object.<anonymous>.__decorate
FNDA:1,Object.<anonymous>.__metadata
FNDA:2,Object.<anonymous>.__param
FNDA:2,Object.<anonymous>.__awaiter
FNDA:3,adopt
FNDA:3,fulfilled
FNDA:0,rejected
FNDA:4,step
FNDA:2,Object.<anonymous>.__generator
FNDA:3,sent
FNDA:0,g.<computed>
FNDA:6,verb
FNDA:5,step
FNDA:1,Object.<anonymous>.__importDefault
FNDA:2,GetBalanceOfCompanyService
FNDA:2,Object.<anonymous>.GetBalanceOfCompanyService.execute
DA:1,1
DA:2,1
DA:3,1
DA:4,1
DA:5,1
DA:6,1
DA:7,1
DA:8,1
DA:9,1
DA:10,1
DA:11,1
DA:12,1
DA:13,1
DA:14,1
DA:15,1
DA:16,1
DA:17,1
DA:18,1
DA:19,2
DA:20,2
DA:21,2
DA:22,2
DA:23,2
DA:24,2
DA:25,2
DA:26,2
DA:27,2
DA:28,1
DA:29,1
DA:30,2
DA:31,2
DA:32,1
DA:33,1
DA:34,1
DA:35,2
DA:36,2
DA:37,1
DA:38,1
DA:39,1
LF:39
LH:39
BRDA:39,0,0,1
BRDA:39,1,0,1
BRDA:39,2,0,1
BRDA:39,3,0,0
BRDA:39,4,0,0
BRDA:39,5,0,0
BRDA:39,6,0,0
BRDA:39,7,0,1
BRDA:39,8,0,2
BRDA:39,9,0,2
BRDA:39,10,0,2
BRDA:39,11,0,3
BRDA:39,12,0,0
BRDA:39,13,0,2
BRDA:39,14,0,3
BRDA:39,15,0,2
BRDA:39,16,0,1
BRDA:39,17,0,4
BRDA:39,18,0,1
BRDA:39,19,0,3
BRDA:39,20,0,2
BRDA:39,21,0,3
BRDA:39,22,0,0
BRDA:39,23,0,6
BRDA:39,24,0,5
BRDA:39,25,0,5
BRDA:39,26,0,0
BRDA:39,27,0,10
BRDA:39,28,0,0
BRDA:39,29,0,0
BRDA:39,30,0,0
BRDA:39,31,0,0
BRDA:39,32,0,5
BRDA:39,33,0,5
BRDA:39,34,0,3
BRDA:39,35,0,0
BRDA:39,36,0,0
BRDA:39,37,0,2
BRDA:39,38,0,0
BRDA:39,39,0,1
BRDA:39,40,0,0
BRDA:39,41,0,0
BRDA:39,42,0,0
BRDA:39,43,0,0
BRDA:39,44,0,5
BRDA:39,45,0,4
BRDA:39,46,0,1
BRDA:39,47,0,5
BRDA:39,48,0,2
BRDA:39,49,0,1
BRDA:39,50,0,0
BRDA:39,51,0,1
BRDA:39,52,0,0
BRDA:13,53,0,1
BRDA:18,54,0,2
BRDA:29,55,0,2
BRDA:39,56,0,2
BRDA:39,57,0,5
BRDA:30,58,0,2
BRDA:39,59,0,2
BRDA:31,60,0,1
BRDA:39,61,0,1
BRF:62
BRH:42
end_of_record
TN:
SF:src/modules/transactions/services/CreateTransactionService.ts
FN:119,Object.<anonymous>
FN:119,Object.<anonymous>.__assign
FN:119,__assign
FN:119,Object.<anonymous>.__decorate
FN:119,Object.<anonymous>.__metadata
FN:119,Object.<anonymous>.__param
FN:119,Object.<anonymous>.__awaiter
FN:119,adopt
FN:119,fulfilled
FN:119,rejected
FN:119,step
FN:119,Object.<anonymous>.__generator
FN:119,sent
FN:119,g.<computed>
FN:119,verb
FN:119,step
FN:119,Object.<anonymous>.__importDefault
FN:38,CreateTransactionService
FN:51,Object.<anonymous>.CreateTransactionService.execute
FNF:19
FNH:16
FNDA:1,Object.<anonymous>
FNDA:2,Object.<anonymous>.__assign
FNDA:0,__assign
FNDA:1,Object.<anonymous>.__decorate
FNDA:1,Object.<anonymous>.__metadata
FNDA:3,Object.<anonymous>.__param
FNDA:15,Object.<anonymous>.__awaiter
FNDA:40,adopt
FNDA:40,fulfilled
FNDA:0,rejected
FNDA:49,step
FNDA:15,Object.<anonymous>.__generator
FNDA:40,sent
FNDA:0,g.<computed>
FNDA:45,verb
FNDA:55,step
FNDA:2,Object.<anonymous>.__importDefault
FNDA:9,CreateTransactionService
FNDA:15,Object.<anonymous>.CreateTransactionService.execute
DA:1,1
DA:2,1
DA:3,1
DA:4,1
DA:5,1
DA:6,1
DA:7,1
DA:8,1
DA:9,1
DA:10,1
DA:11,1
DA:12,1
DA:13,1
DA:14,1
DA:15,1
DA:16,1
DA:17,1
DA:18,1
DA:19,1
DA:20,1
DA:21,1
DA:22,1
DA:23,1
DA:24,1
DA:25,1
DA:26,1
DA:27,1
DA:28,1
DA:29,1
DA:30,1
DA:31,1
DA:32,1
DA:33,1
DA:34,1
DA:35,1
DA:36,1
DA:37,1
DA:38,1
DA:39,9
DA:40,9
DA:41,9
DA:42,9
DA:43,9
DA:44,9
DA:45,9
DA:46,9
DA:47,9
DA:48,9
DA:49,9
DA:50,1
DA:51,1
DA:52,15
DA:53,15
DA:54,15
DA:55,15
DA:56,15
DA:57,15
DA:58,15
DA:59,15
DA:60,15
DA:61,15
DA:62,15
DA:63,1
DA:64,1
DA:65,14
DA:66,14
DA:67,15
DA:68,15
DA:69,1
DA:70,1
DA:71,13
DA:72,13
DA:73,13
DA:74,15
DA:75,1
DA:76,1
DA:77,4
DA:78,15
DA:79,1
DA:80,1
DA:81,3
DA:82,15
DA:83,1
DA:84,1
DA:85,2
DA:86,2
DA:87,2
DA:88,2
DA:89,2
DA:90,15
DA:91,15
DA:92,15
DA:93,15
DA:94,15
DA:95,15
DA:96,15
DA:97,9
DA:98,9
DA:99,9
DA:100,9
DA:101,9
DA:102,9
DA:103,9
DA:104,9
DA:105,15
DA:106,15
DA:107,15
DA:108,15
DA:109,15
DA:110,15
DA:111,15
DA:112,15
DA:113,15
DA:114,15
DA:115,15
DA:116,15
DA:117,1
DA:118,1
DA:119,1
LF:119
LH:119
BRDA:119,0,0,1
BRDA:119,1,0,1
BRDA:119,2,0,2
BRDA:119,3,0,0
BRDA:119,4,0,1
BRDA:119,5,0,0
BRDA:119,6,0,0
BRDA:119,7,0,0
BRDA:119,8,0,0
BRDA:119,9,0,1
BRDA:119,10,0,3
BRDA:119,11,0,3
BRDA:119,12,0,15
BRDA:119,13,0,40
BRDA:119,14,0,0
BRDA:119,15,0,15
BRDA:119,16,0,40
BRDA:119,17,0,34
BRDA:119,18,0,6
BRDA:119,19,0,49
BRDA:119,20,0,9
BRDA:119,21,0,40
BRDA:119,22,0,15
BRDA:119,23,0,40
BRDA:119,24,0,0
BRDA:119,25,0,45
BRDA:119,26,0,55
BRDA:119,27,0,55
BRDA:119,28,0,0
BRDA:119,29,0,118
BRDA:119,30,0,0
BRDA:119,31,0,0
BRDA:119,32,0,0
BRDA:119,33,0,0
BRDA:119,34,0,55
BRDA:119,35,0,55
BRDA:119,36,0,40
BRDA:119,37,0,0
BRDA:119,38,0,0
BRDA:119,39,0,23
BRDA:119,40,0,0
BRDA:119,41,0,17
BRDA:119,42,0,15
BRDA:119,43,0,8
BRDA:119,44,0,0
BRDA:119,45,0,8
BRDA:119,46,0,0
BRDA:119,47,0,0
BRDA:119,48,0,0
BRDA:119,49,0,63
BRDA:119,50,0,57
BRDA:119,51,0,6
BRDA:119,52,0,63
BRDA:119,53,0,15
BRDA:119,54,0,6
BRDA:119,55,0,9
BRDA:119,56,0,0
BRDA:119,57,0,2
BRDA:119,58,0,0
BRDA:31,59,0,1
BRDA:38,60,0,9
BRDA:51,61,0,15
BRDA:119,62,0,15
BRDA:119,63,0,63
BRDA:60,64,0,15
BRDA:119,65,0,15
BRDA:62,66,0,1
BRDA:64,67,0,14
BRDA:119,68,0,14
BRDA:68,69,0,7
BRDA:68,70,0,1
BRDA:70,71,0,13
BRDA:73,72,0,8
BRDA:73,73,0,5
BRDA:74,74,0,1
BRDA:76,75,0,4
BRDA:78,76,0,1
BRDA:80,77,0,3
BRDA:82,78,0,1
BRDA:84,79,0,2
BRDA:119,80,0,2
BRDA:119,81,0,1
BRDA:96,82,0,9
BRDA:119,83,0,9
BRDA:107,84,0,1
BRDA:108,85,0,8
BRF:86
BRH:65
end_of_record
TN:
SF:src/modules/transactions/services/ListAllCompanyTransacitionFilteringToCardService.ts
FN:93,Object.<anonymous>
FN:93,Object.<anonymous>.__assign
FN:93,__assign
FN:93,Object.<anonymous>.__decorate
FN:93,Object.<anonymous>.__metadata
FN:93,Object.<anonymous>.__param
FN:93,Object.<anonymous>.__awaiter
FN:93,adopt
FN:93,fulfilled
FN:93,rejected
FN:93,step
FN:93,Object.<anonymous>.__generator
FN:93,sent
FN:93,g.<computed>
FN:93,verb
FN:93,step
FN:93,Object.<anonymous>.__importDefault
FN:33,CreateTransactionService
FN:46,Object.<anonymous>.CreateTransactionService.execute
FNF:19
FNH:16
FNDA:1,Object.<anonymous>
FNDA:2,Object.<anonymous>.__assign
FNDA:0,__assign
FNDA:1,Object.<anonymous>.__decorate
FNDA:1,Object.<anonymous>.__metadata
FNDA:3,Object.<anonymous>.__param
FNDA:5,Object.<anonymous>.__awaiter
FNDA:6,adopt
FNDA:6,fulfilled
FNDA:0,rejected
FNDA:7,step
FNDA:5,Object.<anonymous>.__generator
FNDA:6,sent
FNDA:0,g.<computed>
FNDA:15,verb
FNDA:11,step
FNDA:2,Object.<anonymous>.__importDefault
FNDA:5,CreateTransactionService
FNDA:5,Object.<anonymous>.CreateTransactionService.execute
DA:1,1
DA:2,1
DA:3,1
DA:4,1
DA:5,1
DA:6,1
DA:7,1
DA:8,1
DA:9,1
DA:10,1
DA:11,1
DA:12,1
DA:13,1
DA:14,1
DA:15,1
DA:16,1
DA:17,1
DA:18,1
DA:19,1
DA:20,1
DA:21,1
DA:22,1
DA:23,1
DA:24,1
DA:25,1
DA:26,1
DA:27,1
DA:28,1
DA:29,1
DA:30,1
DA:31,1
DA:32,1
DA:33,1
DA:34,5
DA:35,5
DA:36,5
DA:37,5
DA:38,5
DA:39,5
DA:40,5
DA:41,5
DA:42,5
DA:43,5
DA:44,5
DA:45,1
DA:46,1
DA:47,5
DA:48,5
DA:49,5
DA:50,5
DA:51,1
DA:52,1
DA:53,4
DA:54,5
DA:55,1
DA:56,1
DA:57,3
DA:58,5
DA:59,5
DA:60,1
DA:61,1
DA:62,2
DA:63,2
DA:64,2
DA:65,2
DA:66,2
DA:67,5
DA:68,1
DA:69,1
DA:70,1
DA:71,1
DA:72,1
DA:73,1
DA:74,1
DA:75,1
DA:76,1
DA:77,5
DA:78,3
DA:79,3
DA:80,3
DA:81,3
DA:82,3
DA:83,3
DA:84,3
DA:85,3
DA:86,3
DA:87,3
DA:88,5
DA:89,5
DA:90,5
DA:91,1
DA:92,1
DA:93,1
LF:93
LH:93
BRDA:93,0,0,1
BRDA:93,1,0,1
BRDA:93,2,0,2
BRDA:93,3,0,0
BRDA:93,4,0,1
BRDA:93,5,0,0
BRDA:93,6,0,0
BRDA:93,7,0,0
BRDA:93,8,0,0
BRDA:93,9,0,1
BRDA:93,10,0,3
BRDA:93,11,0,3
BRDA:93,12,0,5
BRDA:93,13,0,6
BRDA:93,14,0,0
BRDA:93,15,0,5
BRDA:93,16,0,6
BRDA:93,17,0,4
BRDA:93,18,0,2
BRDA:93,19,0,7
BRDA:93,20,0,1
BRDA:93,21,0,6
BRDA:93,22,0,5
BRDA:93,23,0,6
BRDA:93,24,0,0
BRDA:93,25,0,15
BRDA:93,26,0,11
BRDA:93,27,0,11
BRDA:93,28,0,0
BRDA:93,29,0,22
BRDA:93,30,0,0
BRDA:93,31,0,0
BRDA:93,32,0,0
BRDA:93,33,0,0
BRDA:93,34,0,11
BRDA:93,35,0,11
BRDA:93,36,0,6
BRDA:93,37,0,0
BRDA:93,38,0,0
BRDA:93,39,0,5
BRDA:93,40,0,0
BRDA:93,41,0,1
BRDA:93,42,0,0
BRDA:93,43,0,0
BRDA:93,44,0,0
BRDA:93,45,0,0
BRDA:93,46,0,11
BRDA:93,47,0,7
BRDA:93,48,0,4
BRDA:93,49,0,11
BRDA:93,50,0,5
BRDA:93,51,0,4
BRDA:93,52,0,1
BRDA:93,53,0,0
BRDA:93,54,0,2
BRDA:93,55,0,0
BRDA:26,56,0,1
BRDA:33,57,0,5
BRDA:46,58,0,5
BRDA:93,59,0,5
BRDA:93,60,0,11
BRDA:93,61,0,5
BRDA:50,62,0,1
BRDA:52,63,0,4
BRDA:54,64,0,1
BRDA:56,65,0,3
BRDA:93,66,0,3
BRDA:59,67,0,1
BRDA:61,68,0,2
BRDA:93,69,0,2
BRDA:67,70,0,1
BRDA:93,71,0,1
BRDA:77,72,0,3
BRDA:80,73,0,0
BRF:74
BRH:52
end_of_record
TN:
SF:src/modules/transactions/services/ListAllCompanyTransactionsInDayFilteringTypeService.ts
FN:58,Object.<anonymous>
FN:58,Object.<anonymous>.__decorate
FN:58,Object.<anonymous>.__metadata
FN:58,Object.<anonymous>.__param
FN:58,Object.<anonymous>.__awaiter
FN:58,adopt
FN:58,fulfilled
FN:58,rejected
FN:58,step
FN:58,Object.<anonymous>.__generator
FN:58,sent
FN:58,g.<computed>
FN:58,verb
FN:58,step
FN:58,Object.<anonymous>.__importDefault
FN:21,ListAllCompanyTransactionsInDayFilteringTypeService
FN:32,Object.<anonymous>.ListAllCompanyTransactionsInDayFilteringTypeService.execute
FNF:17
FNH:15
FNDA:1,Object.<anonymous>
FNDA:1,Object.<anonymous>.__decorate
FNDA:1,Object.<anonymous>.__metadata
FNDA:2,Object.<anonymous>.__param
FNDA:4,Object.<anonymous>.__awaiter
FNDA:6,adopt
FNDA:6,fulfilled
FNDA:0,rejected
FNDA:8,step
FNDA:4,Object.<anonymous>.__generator
FNDA:6,sent
FNDA:0,g.<computed>
FNDA:12,verb
FNDA:10,step
FNDA:1,Object.<anonymous>.__importDefault
FNDA:4,ListAllCompanyTransactionsInDayFilteringTypeService
FNDA:4,Object.<anonymous>.ListAllCompanyTransactionsInDayFilteringTypeService.execute
DA:1,1
DA:2,1
DA:3,1
DA:4,1
DA:5,1
DA:6,1
DA:7,1
DA:8,1
DA:9,1
DA:10,1
DA:11,1
DA:12,1
DA:13,1
DA:14,1
DA:15,1
DA:16,1
DA:17,1
DA:18,1
DA:19,1
DA:20,1
DA:21,1
DA:22,4
DA:23,4
DA:24,4
DA:25,4
DA:26,4
DA:27,4
DA:28,4
DA:29,4
DA:30,4
DA:31,1
DA:32,1
DA:33,4
DA:34,4
DA:35,4
DA:36,4
DA:37,4
DA:38,4
DA:39,4
DA:40,4
DA:41,4
DA:42,2
DA:43,2
DA:44,2
DA:45,2
DA:46,2
DA:47,2
DA:48,2
DA:49,2
DA:50,2
DA:51,2
DA:52,2
DA:53,4
DA:54,4
DA:55,4
DA:56,1
DA:57,1
DA:58,1
LF:58
LH:58
BRDA:58,0,0,1
BRDA:58,1,0,1
BRDA:58,2,0,1
BRDA:58,3,0,0
BRDA:58,4,0,0
BRDA:58,5,0,0
BRDA:58,6,0,0
BRDA:58,7,0,1
BRDA:58,8,0,2
BRDA:58,9,0,2
BRDA:58,10,0,4
BRDA:58,11,0,6
BRDA:58,12,0,0
BRDA:58,13,0,4
BRDA:58,14,0,6
BRDA:58,15,0,4
BRDA:58,16,0,2
BRDA:58,17,0,8
BRDA:58,18,0,2
BRDA:58,19,0,6
BRDA:58,20,0,4
BRDA:58,21,0,6
BRDA:58,22,0,0
BRDA:58,23,0,12
BRDA:58,24,0,10
BRDA:58,25,0,10
BRDA:58,26,0,0
BRDA:58,27,0,20
BRDA:58,28,0,0
BRDA:58,29,0,0
BRDA:58,30,0,0
BRDA:58,31,0,0
BRDA:58,32,0,10
BRDA:58,33,0,10
BRDA:58,34,0,6
BRDA:58,35,0,0
BRDA:58,36,0,0
BRDA:58,37,0,4
BRDA:58,38,0,0
BRDA:58,39,0,2
BRDA:58,40,0,0
BRDA:58,41,0,0
BRDA:58,42,0,0
BRDA:58,43,0,0
BRDA:58,44,0,10
BRDA:58,45,0,8
BRDA:58,46,0,2
BRDA:58,47,0,10
BRDA:58,48,0,4
BRDA:58,49,0,2
BRDA:58,50,0,0
BRDA:58,51,0,1
BRDA:58,52,0,0
BRDA:16,53,0,1
BRDA:21,54,0,4
BRDA:32,55,0,4
BRDA:58,56,0,4
BRDA:58,57,0,10
BRDA:39,58,0,4
BRDA:58,59,0,4
BRDA:41,60,0,2
BRDA:58,61,0,2
BRF:62
BRH:42
end_of_record
TN:
SF:src/modules/transactions/services/ListAllCompanyTransactionsInMonthFilteringTypeService.ts
FN:56,Object.<anonymous>
FN:56,Object.<anonymous>.__decorate
FN:56,Object.<anonymous>.__metadata
FN:56,Object.<anonymous>.__param
FN:56,Object.<anonymous>.__awaiter
FN:56,adopt
FN:56,fulfilled
FN:56,rejected
FN:56,step
FN:56,Object.<anonymous>.__generator
FN:56,sent
FN:56,g.<computed>
FN:56,verb
FN:56,step
FN:56,Object.<anonymous>.__importDefault
FN:20,ListAllCompanyTransactionsInMonthFilteringTypeService
FN:31,Object.<anonymous>.ListAllCompanyTransactionsInMonthFilteringTypeService.execute
FNF:17
FNH:15
FNDA:1,Object.<anonymous>
FNDA:1,Object.<anonymous>.__decorate
FNDA:1,Object.<anonymous>.__metadata
FNDA:2,Object.<anonymous>.__param
FNDA:4,Object.<anonymous>.__awaiter
FNDA:6,adopt
FNDA:6,fulfilled
FNDA:0,rejected
FNDA:8,step
FNDA:4,Object.<anonymous>.__generator
FNDA:6,sent
FNDA:0,g.<computed>
FNDA:12,verb
FNDA:10,step
FNDA:1,Object.<anonymous>.__importDefault
FNDA:4,ListAllCompanyTransactionsInMonthFilteringTypeService
FNDA:4,Object.<anonymous>.ListAllCompanyTransactionsInMonthFilteringTypeService.execute
DA:1,1
DA:2,1
DA:3,1
DA:4,1
DA:5,1
DA:6,1
DA:7,1
DA:8,1
DA:9,1
DA:10,1
DA:11,1
DA:12,1
DA:13,1
DA:14,1
DA:15,1
DA:16,1
DA:17,1
DA:18,1
DA:19,1
DA:20,1
DA:21,4
DA:22,4
DA:23,4
DA:24,4
DA:25,4
DA:26,4
DA:27,4
DA:28,4
DA:29,4
DA:30,1
DA:31,1
DA:32,4
DA:33,4
DA:34,4
DA:35,4
DA:36,4
DA:37,4
DA:38,4
DA:39,4
DA:40,2
DA:41,2
DA:42,2
DA:43,2
DA:44,2
DA:45,2
DA:46,2
DA:47,2
DA:48,2
DA:49,2
DA:50,2
DA:51,4
DA:52,4
DA:53,4
DA:54,1
DA:55,1
DA:56,1
LF:56
LH:56
BRDA:56,0,0,1
BRDA:56,1,0,1
BRDA:56,2,0,1
BRDA:56,3,0,0
BRDA:56,4,0,0
BRDA:56,5,0,0
BRDA:56,6,0,0
BRDA:56,7,0,1
BRDA:56,8,0,2
BRDA:56,9,0,2
BRDA:56,10,0,4
BRDA:56,11,0,6
BRDA:56,12,0,0
BRDA:56,13,0,4
BRDA:56,14,0,6
BRDA:56,15,0,4
BRDA:56,16,0,2
BRDA:56,17,0,8
BRDA:56,18,0,2
BRDA:56,19,0,6
BRDA:56,20,0,4
BRDA:56,21,0,6
BRDA:56,22,0,0
BRDA:56,23,0,12
BRDA:56,24,0,10
BRDA:56,25,0,10
BRDA:56,26,0,0
BRDA:56,27,0,20
BRDA:56,28,0,0
BRDA:56,29,0,0
BRDA:56,30,0,0
BRDA:56,31,0,0
BRDA:56,32,0,10
BRDA:56,33,0,10
BRDA:56,34,0,6
BRDA:56,35,0,0
BRDA:56,36,0,0
BRDA:56,37,0,4
BRDA:56,38,0,0
BRDA:56,39,0,2
BRDA:56,40,0,0
BRDA:56,41,0,0
BRDA:56,42,0,0
BRDA:56,43,0,0
BRDA:56,44,0,10
BRDA:56,45,0,8
BRDA:56,46,0,2
BRDA:56,47,0,10
BRDA:56,48,0,4
BRDA:56,49,0,2
BRDA:56,50,0,0
BRDA:56,51,0,1
BRDA:56,52,0,0
BRDA:15,53,0,1
BRDA:20,54,0,4
BRDA:31,55,0,4
BRDA:56,56,0,4
BRDA:56,57,0,10
BRDA:37,58,0,4
BRDA:56,59,0,4
BRDA:39,60,0,2
BRDA:56,61,0,2
BRF:62
BRH:42
end_of_record
TN:
SF:src/modules/transactions/services/ListLastTransactionOfCompanyService.ts
FN:39,Object.<anonymous>
FN:39,Object.<anonymous>.__decorate
FN:39,Object.<anonymous>.__metadata
FN:39,Object.<anonymous>.__param
FN:39,Object.<anonymous>.__awaiter
FN:39,adopt
FN:39,fulfilled
FN:39,rejected
FN:39,step
FN:39,Object.<anonymous>.__generator
FN:39,sent
FN:39,g.<computed>
FN:39,verb
FN:39,step
FN:39,Object.<anonymous>.__importDefault
FN:13,ListLastTransactionOfCompanyService
FN:24,Object.<anonymous>.ListLastTransactionOfCompanyService.execute
FNF:17
FNH:15
FNDA:1,Object.<anonymous>
FNDA:1,Object.<anonymous>.__decorate
FNDA:1,Object.<anonymous>.__metadata
FNDA:2,Object.<anonymous>.__param
FNDA:2,Object.<anonymous>.__awaiter
FNDA:3,adopt
FNDA:3,fulfilled
FNDA:0,rejected
FNDA:4,step
FNDA:2,Object.<anonymous>.__generator
FNDA:3,sent
FNDA:0,g.<computed>
FNDA:6,verb
FNDA:5,step
FNDA:1,Object.<anonymous>.__importDefault
FNDA:2,ListLastTransactionOfCompanyService
FNDA:2,Object.<anonymous>.ListLastTransactionOfCompanyService.execute
DA:1,1
DA:2,1
DA:3,1
DA:4,1
DA:5,1
DA:6,1
DA:7,1
DA:8,1
DA:9,1
DA:10,1
DA:11,1
DA:12,1
DA:13,1
DA:14,2
DA:15,2
DA:16,2
DA:17,2
DA:18,2
DA:19,2
DA:20,2
DA:21,2
DA:22,2
DA:23,1
DA:24,1
DA:25,2
DA:26,2
DA:27,2
DA:28,1
DA:29,1
DA:30,1
DA:31,1
DA:32,1
DA:33,1
DA:34,2
DA:35,2
DA:36,2
DA:37,1
DA:38,1
DA:39,1
LF:39
LH:39
BRDA:39,0,0,1
BRDA:39,1,0,1
BRDA:39,2,0,1
BRDA:39,3,0,0
BRDA:39,4,0,0
BRDA:39,5,0,0
BRDA:39,6,0,0
BRDA:39,7,0,1
BRDA:39,8,0,2
BRDA:39,9,0,2
BRDA:39,10,0,2
BRDA:39,11,0,3
BRDA:39,12,0,0
BRDA:39,13,0,2
BRDA:39,14,0,3
BRDA:39,15,0,2
BRDA:39,16,0,1
BRDA:39,17,0,4
BRDA:39,18,0,1
BRDA:39,19,0,3
BRDA:39,20,0,2
BRDA:39,21,0,3
BRDA:39,22,0,0
BRDA:39,23,0,6
BRDA:39,24,0,5
BRDA:39,25,0,5
BRDA:39,26,0,0
BRDA:39,27,0,10
BRDA:39,28,0,0
BRDA:39,29,0,0
BRDA:39,30,0,0
BRDA:39,31,0,0
BRDA:39,32,0,5
BRDA:39,33,0,5
BRDA:39,34,0,3
BRDA:39,35,0,0
BRDA:39,36,0,0
BRDA:39,37,0,2
BRDA:39,38,0,0
BRDA:39,39,0,1
BRDA:39,40,0,0
BRDA:39,41,0,0
BRDA:39,42,0,0
BRDA:39,43,0,0
BRDA:39,44,0,5
BRDA:39,45,0,4
BRDA:39,46,0,1
BRDA:39,47,0,5
BRDA:39,48,0,2
BRDA:39,49,0,1
BRDA:39,50,0,0
BRDA:39,51,0,1
BRDA:39,52,0,0
BRDA:8,53,0,1
BRDA:13,54,0,2
BRDA:24,55,0,2
BRDA:39,56,0,2
BRDA:39,57,0,5
BRDA:25,58,0,2
BRDA:39,59,0,2
BRDA:27,60,0,1
BRDA:39,61,0,1
BRF:62
BRH:42
end_of_record
